<?xml version="1.0" encoding="UTF-8"?>
<testsuite name="com.example.PriorityTest" tests="3" skipped="0" failures="0" errors="0" timestamp="2020-05-30T19:47:14" hostname="Tetiana.Chmykhal" time="0.006">
  <properties/>
  <testcase name="registerUser1" classname="com.example.PriorityTest" time="0.005"/>
  <testcase name="registerUser2" classname="com.example.PriorityTest" time="0.0"/>
  <testcase name="registerUser3" classname="com.example.PriorityTest" time="0.0"/>
  <system-out><![CDATA[registerUser1
registerUser2
registerUser3
]]></system-out>
  <system-err><![CDATA[]]></system-err>
</testsuite>
